9.2 App settings/9.2HomeWork/app/build/intermediates/manifest_merge_blame_file/debug/manifest-merger-blame-debug-report.txt
1<?xml version="1.0" encoding="utf-8"?>
2<manifest xmlns:android="http://schemas.android.com/apk/res/android"
3    package="me.mahakagg.droidcafewithsettingsandroidxhw"
4    android:versionCode="1"
5    android:versionName="1.0" >
6
7    <uses-sdk
8        android:minSdkVersion="21"
8-->src\main\AndroidManifest.xml
9        android:targetSdkVersion="28" />
9-->src\main\AndroidManifest.xml
10
11    <application
11-->src\main\AndroidManifest.xml:6:5-36:19
12        android:allowBackup="true"
12-->src\main\AndroidManifest.xml:7:9-35
13        android:appComponentFactory="androidx.core.app.CoreComponentFactory"
13-->[androidx.core:core:1.1.0-beta01] AndroidManifest.xml:22:18-86
14        android:debuggable="true"
15        android:icon="@mipmap/ic_launcher"
15-->src\main\AndroidManifest.xml:8:9-43
16        android:label="@string/app_name"
16-->src\main\AndroidManifest.xml:9:9-41
17        android:roundIcon="@mipmap/ic_launcher_round"
17-->src\main\AndroidManifest.xml:10:9-54
18        android:supportsRtl="true"
18-->src\main\AndroidManifest.xml:11:9-35
19        android:theme="@style/AppTheme" >
19-->src\main\AndroidManifest.xml:12:9-40
20        <activity
20-->src\main\AndroidManifest.xml:14:9-21:20
21            android:name="com.example.droidcafesettingshw.SettingsActivity"
21-->src\main\AndroidManifest.xml:15:13-76
22            android:label="@string/title_activity_settings"
22-->src\main\AndroidManifest.xml:16:13-60
23            android:parentActivityName="com.example.droidcafesettingshw.MainActivity" >
23-->src\main\AndroidManifest.xml:17:13-86
24            <meta-data
24-->src\main\AndroidManifest.xml:18:13-20:80
25                android:name="android.support.PARENT_ACTIVITY"
25-->src\main\AndroidManifest.xml:19:17-63
26                android:value="com.example.droidcafesettingshw.MainActivity" />
26-->src\main\AndroidManifest.xml:20:17-77
27        </activity>
28        <activity
28-->src\main\AndroidManifest.xml:22:9-31:20
29            android:name="com.example.droidcafesettingshw.MainActivity"
29-->src\main\AndroidManifest.xml:23:13-72
30            android:label="@string/app_name"
30-->src\main\AndroidManifest.xml:24:13-45
31            android:theme="@style/AppTheme.NoActionBar" >
31-->src\main\AndroidManifest.xml:25:13-56
32            <intent-filter>
32-->src\main\AndroidManifest.xml:26:13-30:29
33                <action android:name="android.intent.action.MAIN" />
33-->src\main\AndroidManifest.xml:27:17-69
33-->src\main\AndroidManifest.xml:27:25-66
34
35                <category android:name="android.intent.category.LAUNCHER" />
35-->src\main\AndroidManifest.xml:29:17-77
35-->src\main\AndroidManifest.xml:29:27-74
36            </intent-filter>
37        </activity>
38        <activity
38-->src\main\AndroidManifest.xml:32:9-35:89
39            android:name="com.example.droidcafesettingshw.OrderActivity"
39-->src\main\AndroidManifest.xml:33:13-73
40            android:label="@string/title_activity_order"
40-->src\main\AndroidManifest.xml:34:13-57
41            android:parentActivityName="com.example.droidcafesettingshw.MainActivity" />
41-->src\main\AndroidManifest.xml:35:13-86
42    </application>
43
44</manifest>